0024:fixme:powrprof:PowerRegisterSuspendResumeNotification (0x00000002,00007FFFFE8FFD80,00007FFFFE8FFD78) stub!
0024:fixme:process:GetProcessMitigationPolicy (FFFFFFFFFFFFFFFF, 4, 00007FFFFE8FFCE4, 4): stub
0024:fixme:uxtheme:SetPreferredAppMode 1: stub
0024:fixme:heap:RtlSetHeapInformation HEAP_INFORMATION_CLASS 1 not implemented!

0024:fixme:winstation:GetUserObjectSecurity (0000000000000058 00007FFFFE8FF7E0 0000000000000000 len=0 00007FFFFE8FF77C),stub!
0024:fixme:winstation:GetUserObjectSecurity (0000000000000058 00007FFFFE8FF7E0 00007FFFFEEA5AF0 len=40 00007FFFFE8FF77C),stub!
0024:fixme:winstation:GetUserObjectSecurity (000000000000005C 00007FFFFE8FF760 0000000000000000 len=0 00007FFFFE8FF6FC),stub!
0024:fixme:winstation:GetUserObjectSecurity (000000000000005C 00007FFFFE8FF760 00007FFFFEEA5AF0 len=40 00007FFFFE8FF6FC),stub!
0024:fixme:nls:RtlGetThreadPreferredUILanguages 00000038, 00007FFFFE8FF7BC, 0000000000000000 00007FFFFE8FF7B8
0024:fixme:nls:get_dummy_preferred_ui_language (0x38 0x409 00007FFFFE8FF7BC 0000000000000000 00007FFFFE8FF7B8) returning a dummy value (current locale)
0024:fixme:nls:RtlGetThreadPreferredUILanguages 00000038, 00007FFFFE8FF7BC, 00007FFFFE8FF7A2 00007FFFFE8FF7B8
0024:fixme:nls:get_dummy_preferred_ui_language (0x38 0x409 00007FFFFE8FF7BC 00007FFFFE8FF7A2 00007FFFFE8FF7B8) returning a dummy value (current locale)
0024:fixme:ntdll:EtwEventSetInformation (deadbeef, 2, 000070380004C448, 16) stub
012c:fixme:thread:NtSetInformationThread info class 24 not supported yet
012c:fixme:thread:NtSetInformationThread ThreadPowerThrottling stub!
0024:fixme:win:RegisterSuspendResumeNotification 0000000000010062, 0: stub.
0024:fixme:ntdll:NtQuerySystemInformation info_class SYSTEM_PERFORMANCE_INFORMATION
0134:fixme:thread:NtSetInformationThread ThreadPowerThrottling stub!
0024:fixme:thread:NtSetInformationThread ThreadPowerThrottling stub!
013c:fixme:kernelbase:AppPolicyGetThreadInitializationType FFFFFFFFFFFFFFFA, 00007FAA1138FF50
0024:fixme:ntdll:EtwEventSetInformation (deadbeef, 2, 000000014C12719D, 8) stub
0024:fixme:ver:GetPackageFamilyName (FFFFFFFFFFFFFFFF 00007FFFFE8FF27C 00007FFFFE8FF280): stub
Invoify Desktop App Starting...
Is Dev: false
App Path: Z:\media\newvolume\PP\billing_app\invoify\release\win-unpacked\resources\app.asar
Resources Path: Z:\media\newvolume\PP\billing_app\invoify\release\win-unpacked\resources
0024:fixme:winsock:WSALookupServiceBeginW (00007FFFFE8FF290 0xff0 00007FFFFE8FF308) Stub!
[32:1120/084336.563:ERROR:net\base\network_change_notifier_win.cc:189] WSALookupServiceBegin failed with: 8
014c:fixme:thread:NtSetInformationThread info class 24 not supported yet
014c:fixme:thread:NtSetInformationThread ThreadPowerThrottling stub!
0024:fixme:win:GetPointerDevices (00007FFFFE8FEC34 0000000000000000): partial stub
0024:fixme:win:GetPointerDevices (00007FFFFE8FEC34 0000000000000000): partial stub
0024:fixme:system:NtUserDisplayConfigGetDeviceInfo Unimplemented packet type 11.
0024:fixme:combase:RoActivateInstance (00007FAA1807CD90, 00007FFFFE8FEB98): semi-stub
0024:fixme:combase:RoGetActivationFactory (L"Windows.UI.ViewManagement.UISettings", {00000035-0000-0000-c000-000000000046}, 00007FFFFE8FEA08): semi-stub
0024:fixme:ui:uisettings2_add_TextScaleFactorChanged iface 00007FAA18195288, handler 0000703C063EFAF0, cookie 000000014C42FB38 stub!
0024:fixme:ui:uisettings2_get_TextScaleFactor iface 00007FAA18195288, value 00007FFFFE8FEBD0 stub!
0158:fixme:wtsapi:WTSRegisterSessionNotification Stub 000000000001006A 0x00000000
0164:fixme:winstation:GetUserObjectSecurity (000000000000005C 00007FA95A1AEF90 0000000000000000 len=0 00007FA95A1AEF2C),stub!
0164:fixme:winstation:GetUserObjectSecurity (000000000000005C 00007FA95A1AEF90 00007FAA11423B70 len=40 00007FA95A1AEF2C),stub!
0164:fixme:ntdll:NtSetInformationToken TokenIntegrityLevel stub!
0164:fixme:thread:SetThreadInformation Unsupported class 2.
0164:fixme:ntdll:NtFilterToken flags 0x1 unsupported
0164:fixme:ntdll:NtFilterToken support for restricting sids not yet implemented
0164:fixme:advapi:SetEntriesInAclW unhandled access mode 4
0164:fixme:ntdll:NtFilterToken support for restricting sids not yet implemented
0164:fixme:advapi:SetEntriesInAclW unhandled access mode 4
0164:fixme:sync:NtSetInformationJobObject stub: 0x334 4 0x7fa95a1aeddc 4
0164:fixme:process:GetProcessMitigationPolicy (FFFFFFFFFFFFFFFF, 5, 000000014C39D950, 16): stub
0164:fixme:process:validate_proc_thread_attribute Unhandled attribute 26
0128:fixme:process:CreateProcessInternalW Unsupported attribute 0x2000e.
Starting Next.js standalone server...
Resources Path: Z:\media\newvolume\PP\billing_app\invoify\release\win-unpacked\resources
App Path: Z:\media\newvolume\PP\billing_app\invoify\release\win-unpacked\resources\app.asar
Server Path: Z:\media\newvolume\PP\billing_app\invoify\release\win-unpacked\resources\app.asar.unpacked\.next\standalone\server.js
0178:fixme:powrprof:PowerRegisterSuspendResumeNotification (0x00000002,00007FFFFE8FFD80,00007FFFFE8FFD78) stub!
0178:fixme:process:GetProcessMitigationPolicy (FFFFFFFFFFFFFFFF, 4, 00007FFFFE8FFCE4, 4): stub
0178:fixme:uxtheme:SetPreferredAppMode 1: stub
0178:fixme:heap:RtlSetHeapInformation HEAP_INFORMATION_CLASS 1 not implemented!
0178:fixme:ntdll:EtwEventSetInformation (deadbeef, 2, 000047A000044238, 16) stub
0178:fixme:thread:NtSetInformationThread ThreadPowerThrottling stub!
014c:fixme:thread:NtSetInformationThread ThreadPowerThrottling stub!
0178:fixme:dxcore:dxcore_adapter_factory_CreateAdapterList iface 00006FFFF9D94030, num_attributes 1, filter_attributes 00007FFFFE8FE8C0, riid {526c7776-40e9-459b-b711-f32ad76dfc28}, out 00007FFFFE8FE7D0 semi-stub!
014c:fixme:netprofm:connection_point_Advise 00007FAA11404808, 0000703C0649A4D0, 0000703C0649A4E8 - semi-stub
014c:fixme:netprofm:cost_manager_GetCost 00007FAA11404798, 00007FA961A4F7B0, 0000000000000000
014c:fixme:thread:NtSetInformationThread info class 24 not supported yet
014c:fixme:thread:NtSetInformationThread ThreadPowerThrottling stub!
0128:fixme:crypt:CRYPT_SysRegOpenStoreW CERT_SYSTEM_STORE_LOCAL_MACHINE_ENTERPRISE, L"ROOT": stub
0128:fixme:crypt:CRYPT_SysRegOpenStoreW CERT_SYSTEM_STORE_LOCAL_MACHINE_ENTERPRISE, L"CA": stub
0128:fixme:crypt:CRYPT_SysRegOpenStoreW CERT_SYSTEM_STORE_LOCAL_MACHINE_ENTERPRISE, L"TrustedPeople": stub
0128:fixme:crypt:CRYPT_SysRegOpenStoreW CERT_SYSTEM_STORE_LOCAL_MACHINE_ENTERPRISE, L"Disallowed": stub
0128:fixme:crypt:CRYPT_RegControl CERT_STORE_CTRL_AUTO_RESYNC: stub
0128:fixme:crypt:CRYPT_RegControl CERT_STORE_CTRL_AUTO_RESYNC: stub
0128:fixme:crypt:CRYPT_RegControl CERT_STORE_CTRL_AUTO_RESYNC: stub
libEGL warning: pci id for fd 63: 10de:1d13, driver (null)

pci id for fd 64: 10de:1d13, driver (null)
pci id for fd 65: 10de:1d13, driver (null)
libEGL warning: egl: failed to create dri2 screen
libEGL warning: pci id for fd 63: 10de:1d13, driver (null)

pci id for fd 64: 10de:1d13, driver (null)
pci id for fd 65: 10de:1d13, driver (null)
libEGL warning: egl: failed to create dri2 screen
libEGL warning: pci id for fd 63: 10de:1d13, driver (null)

libEGL warning: pci id for fd 63: 10de:1d13, driver (null)

pci id for fd 64: 10de:1d13, driver (null)
pci id for fd 65: 10de:1d13, driver (null)
libEGL warning: egl: failed to create dri2 screen
libEGL warning: pci id for fd 63: 10de:1d13, driver (null)

pci id for fd 64: 10de:1d13, driver (null)
pci id for fd 65: 10de:1d13, driver (null)
libEGL warning: egl: failed to create dri2 screen
libEGL warning: pci id for fd 63: 10de:1d13, driver (null)

0190:fixme:powrprof:PowerRegisterSuspendResumeNotification (0x00000002,00007FFFFE8FFD80,00007FFFFE8FFD78) stub!
0190:fixme:process:GetProcessMitigationPolicy (FFFFFFFFFFFFFFFF, 4, 00007FFFFE8FFCE4, 4): stub
0190:fixme:uxtheme:SetPreferredAppMode 1: stub
0190:fixme:heap:RtlSetHeapInformation HEAP_INFORMATION_CLASS 1 not implemented!
Server stdout: 

0190:fixme:winstation:GetUserObjectSecurity (0000000000000004 00007FFFFE8FF7E0 0000000000000000 len=0 00007FFFFE8FF77C),stub!
0190:fixme:winstation:GetUserObjectSecurity (0000000000000004 00007FFFFE8FF7E0 00007FFFFEEA6600 len=40 00007FFFFE8FF77C),stub!
0190:fixme:winstation:GetUserObjectSecurity (0000000000000014 00007FFFFE8FF760 0000000000000000 len=0 00007FFFFE8FF6FC),stub!
0190:fixme:winstation:GetUserObjectSecurity (0000000000000014 00007FFFFE8FF760 00007FFFFEEA6600 len=40 00007FFFFE8FF6FC),stub!
0190:fixme:nls:RtlGetThreadPreferredUILanguages 00000038, 00007FFFFE8FF7BC, 0000000000000000 00007FFFFE8FF7B8
0190:fixme:nls:get_dummy_preferred_ui_language (0x38 0x409 00007FFFFE8FF7BC 0000000000000000 00007FFFFE8FF7B8) returning a dummy value (current locale)
0190:fixme:nls:RtlGetThreadPreferredUILanguages 00000038, 00007FFFFE8FF7BC, 00007FFFFE8FF7A2 00007FFFFE8FF7B8
0190:fixme:nls:get_dummy_preferred_ui_language (0x38 0x409 00007FFFFE8FF7BC 00007FFFFE8FF7A2 00007FFFFE8FF7B8) returning a dummy value (current locale)
0190:fixme:ntdll:EtwEventSetInformation (deadbeef, 2, 0000148000078448, 16) stub
01b8:fixme:thread:NtSetInformationThread info class 24 not supported yet
01b8:fixme:thread:NtSetInformationThread ThreadPowerThrottling stub!
0190:fixme:win:RegisterSuspendResumeNotification 00000000000100A6, 0: stub.
0190:fixme:ntdll:NtQuerySystemInformation info_class SYSTEM_PERFORMANCE_INFORMATION
01c0:fixme:thread:NtSetInformationThread ThreadPowerThrottling stub!
0178:fixme:ntdll:NtQuerySystemInformation info_class SYSTEM_PERFORMANCE_INFORMATION
0178:fixme:dxcore:dxcore_adapter_GetProperty Returning all adapters as Hardware.
0178:fixme:dxcore:dxcore_adapter_IsAttributeSupported iface 00007FFFFE942BF0, attribute {0c9ece4d-2f6e-4f01-8c96-e89e331b47b1} stub!
0178:fixme:dxcore:dxcore_adapter_IsAttributeSupported iface 00007FFFFE942BF0, attribute {8c47866b-7583-450d-f0f0-6bada895af4b} stub!
01c8:fixme:thread:QueryThreadCycleTime (0000000000000144,00007F5C9A7EFDA0): stub!
0178:fixme:d3d11:d3d11_device_CheckFeatureSupport Returning fake Options support data.
0178:fixme:d3d11:d3d11_device_CheckFormatSupport iface 00007FFFFEF2AEE0, format 85, format_support 00007FFFFEF55B78 partial-stub!
0178:fixme:d3d:wined3d_check_device_multisample_type multisample_type 32 not handled yet.
0178:fixme:d3d11:d3d11_device_CheckFormatSupport iface 00007FFFFEF2AEE0, format 115, format_support 00007FFFFEF55B80 partial-stub!
0178:fixme:d3d11:d3d11_device_CheckFormatSupport iface 00007FFFFEF2AEE0, format 86, format_support 00007FFFFEF55B88 partial-stub!
0178:fixme:d3d11:d3d11_device_CheckFormatSupport iface 00007FFFFEF2AEE0, format 88, format_support 00007FFFFE8FE434 partial-stub!
0178:fixme:d3d11:d3d11_device_CheckFormatSupport iface 00007FFFFEF2AEE0, format 88, format_support 00007FFFFE8FE434 partial-stub!
0178:fixme:d3d:wined3d_check_device_multisample_type multisample_type 32 not handled yet.
0178:fixme:d3d11:d3d11_device_CheckFormatSupport iface 00007FFFFEF2AEE0, format 87, format_support 00007FFFFE8FE434 partial-stub!
0178:fixme:d3d11:d3d11_device_CheckFormatSupport iface 00007FFFFEF2AEE0, format 87, format_support 00007FFFFE8FE434 partial-stub!
0178:fixme:d3d:wined3d_check_device_multisample_type multisample_type 32 not handled yet.
0178:fixme:d3d11:d3d11_device_CheckFormatSupport iface 00007FFFFEF2AEE0, format 87, format_support 00007FFFFE8FE434 partial-stub!
0178:fixme:d3d11:d3d11_device_CheckFormatSupport iface 00007FFFFEF2AEE0, format 87, format_support 00007FFFFE8FE434 partial-stub!
0178:fixme:d3d:wined3d_check_device_multisample_type multisample_type 32 not handled yet.
0178:fixme:d3d11:d3d11_device_CheckFormatSupport iface 00007FFFFEF2AEE0, format 91, format_support 00007FFFFE8FE434 partial-stub!
0178:fixme:d3d11:d3d11_device_CheckFormatSupport iface 00007FFFFEF2AEE0, format 91, format_support 00007FFFFE8FE434 partial-stub!
0178:fixme:d3d:wined3d_check_device_multisample_type multisample_type 32 not handled yet.
0178:fixme:d3d11:d3d11_device_CheckFormatSupport iface 00007FFFFEF2AEE0, format 24, format_support 00007FFFFE8FE434 partial-stub!
0178:fixme:d3d:wined3d_check_device_multisample_type multisample_type 32 not handled yet.
0178:fixme:d3d11:d3d11_device_CheckFormatSupport iface 00007FFFFEF2AEE0, format 93, format_support 00007FFFFE8FE434 partial-stub!
0178:fixme:d3d11:d3d11_device_CheckFormatSupport iface 00007FFFFEF2AEE0, format 93, format_support 00007FFFFE8FE434 partial-stub!
0178:fixme:d3d:wined3d_check_device_multisample_type multisample_type 32 not handled yet.
0178:fixme:d3d11:d3d11_device_CheckFormatSupport iface 00007FFFFEF2AEE0, format 93, format_support 00007FFFFE8FE434 partial-stub!
0178:fixme:d3d11:d3d11_device_CheckFormatSupport iface 00007FFFFEF2AEE0, format 93, format_support 00007FFFFE8FE434 partial-stub!
0178:fixme:d3d:wined3d_check_device_multisample_type multisample_type 32 not handled yet.
0178:fixme:d3d11:d3d11_device_CheckFormatSupport iface 00007FFFFEF2AEE0, format 11, format_support 00007FFFFE8FE434 partial-stub!
0178:fixme:d3d:wined3d_check_device_multisample_type multisample_type 32 not handled yet.
0178:fixme:d3d11:d3d11_device_CheckFormatSupport iface 00007FFFFEF2AEE0, format 65, format_support 00007FFFFE8FE434 partial-stub!
0178:fixme:d3d:wined3d_check_device_multisample_type multisample_type 32 not handled yet.
0178:fixme:d3d11:d3d11_device_CheckFormatSupport iface 00007FFFFEF2AEE0, format 28, format_support 00007FFFFE8FE434 partial-stub!
0178:fixme:d3d:wined3d_check_device_multisample_type multisample_type 32 not handled yet.
0178:fixme:d3d11:d3d11_device_CheckFormatSupport iface 00007FFFFEF2AEE0, format 28, format_support 00007FFFFE8FE434 partial-stub!
0178:fixme:d3d:wined3d_check_device_multisample_type multisample_type 32 not handled yet.
0178:fixme:d3d11:d3d11_device_CheckFormatSupport iface 00007FFFFEF2AEE0, format 28, format_support 00007FFFFE8FE434 partial-stub!
0178:fixme:d3d:wined3d_check_device_multisample_type multisample_type 32 not handled yet.
0178:fixme:d3d11:d3d11_device_CheckFormatSupport iface 00007FFFFEF2AEE0, format 28, format_support 00007FFFFE8FE434 partial-stub!
0178:fixme:d3d:wined3d_check_device_multisample_type multisample_type 32 not handled yet.
0178:fixme:d3d11:d3d11_device_CheckFormatSupport iface 00007FFFFEF2AEE0, format 24, format_support 00007FFFFE8FE434 partial-stub!
0178:fixme:d3d:wined3d_check_device_multisample_type multisample_type 32 not handled yet.
0178:fixme:d3d11:d3d11_device_CheckFormatSupport iface 00007FFFFEF2AEE0, format 11, format_support 00007FFFFE8FE434 partial-stub!
0178:fixme:d3d:wined3d_check_device_multisample_type multisample_type 32 not handled yet.
0178:fixme:d3d11:d3d11_device_CheckFormatSupport iface 00007FFFFEF2AEE0, format 28, format_support 00007FFFFE8FE434 partial-stub!
0178:fixme:d3d:wined3d_check_device_multisample_type multisample_type 32 not handled yet.
0178:fixme:d3d11:d3d11_device_CheckFormatSupport iface 00007FFFFEF2AEE0, format 28, format_support 00007FFFFE8FE434 partial-stub!
0178:fixme:d3d:wined3d_check_device_multisample_type multisample_type 32 not handled yet.
0178:fixme:d3d11:d3d11_device_CheckFormatSupport iface 00007FFFFEF2AEE0, format 28, format_support 00007FFFFE8FE434 partial-stub!
0178:fixme:d3d:wined3d_check_device_multisample_type multisample_type 32 not handled yet.
0178:fixme:d3d11:d3d11_device_CheckFormatSupport iface 00007FFFFEF2AEE0, format 24, format_support 00007FFFFE8FE434 partial-stub!
0178:fixme:d3d:wined3d_check_device_multisample_type multisample_type 32 not handled yet.
0178:fixme:d3d11:d3d11_device_CheckFormatSupport iface 00007FFFFEF2AEE0, format 11, format_support 00007FFFFE8FE434 partial-stub!
0178:fixme:d3d:wined3d_check_device_multisample_type multisample_type 32 not handled yet.
0178:fixme:d3d11:d3d11_device_CheckFormatSupport iface 00007FFFFEF2AEE0, format 87, format_support 00007FFFFE8FE434 partial-stub!
0178:fixme:d3d11:d3d11_device_CheckFormatSupport iface 00007FFFFEF2AEE0, format 87, format_support 00007FFFFE8FE434 partial-stub!
0178:fixme:d3d:wined3d_check_device_multisample_type multisample_type 32 not handled yet.
0178:fixme:d3d11:d3d11_device_CheckFormatSupport iface 00007FFFFEF2AEE0, format 55, format_support 00007FFFFE8FE434 partial-stub!
0178:fixme:d3d:wined3d_check_device_multisample_type multisample_type 32 not handled yet.
0178:fixme:d3d11:d3d11_device_CheckFormatSupport iface 00007FFFFEF2AEE0, format 45, format_support 00007FFFFE8FE434 partial-stub!
0178:fixme:d3d:wined3d_check_device_multisample_type multisample_type 32 not handled yet.
0178:fixme:d3d11:d3d11_device_CheckFormatSupport iface 00007FFFFEF2AEE0, format 45, format_support 00007FFFFE8FE434 partial-stub!
0178:fixme:d3d:wined3d_check_device_multisample_type multisample_type 32 not handled yet.
0178:fixme:d3d11:d3d11_device_CheckFormatSupport iface 00007FFFFEF2AEE0, format 61, format_support 00007FFFFE8FE434 partial-stub!
0178:fixme:d3d:wined3d_check_device_multisample_type multisample_type 32 not handled yet.
0178:fixme:d3d11:d3d11_device_CheckFormatSupport iface 00007FFFFEF2AEE0, format 56, format_support 00007FFFFE8FE434 partial-stub!
0178:fixme:d3d:wined3d_check_device_multisample_type multisample_type 32 not handled yet.
0178:fixme:d3d11:d3d11_device_CheckFormatSupport iface 00007FFFFEF2AEE0, format 49, format_support 00007FFFFE8FE434 partial-stub!
0178:fixme:d3d:wined3d_check_device_multisample_type multisample_type 32 not handled yet.
0178:fixme:d3d11:d3d11_device_CheckFormatSupport iface 00007FFFFEF2AEE0, format 35, format_support 00007FFFFE8FE434 partial-stub!
0178:fixme:d3d:wined3d_check_device_multisample_type multisample_type 32 not handled yet.
0178:fixme:d3d11:d3d11_device_CheckFormatSupport iface 00007FFFFEF2AEE0, format 54, format_support 00007FFFFE8FE434 partial-stub!
0178:fixme:d3d:wined3d_check_device_multisample_type multisample_type 32 not handled yet.
0178:fixme:d3d11:d3d11_device_CheckFormatSupport iface 00007FFFFEF2AEE0, format 41, format_support 00007FFFFE8FE434 partial-stub!
0178:fixme:d3d:wined3d_check_device_multisample_type multisample_type 32 not handled yet.
0178:fixme:d3d11:d3d11_device_CheckFormatSupport iface 00007FFFFEF2AEE0, format 34, format_support 00007FFFFE8FE434 partial-stub!
0178:fixme:d3d:wined3d_check_device_multisample_type multisample_type 32 not handled yet.
0178:fixme:d3d11:d3d11_device_CheckFormatSupport iface 00007FFFFEF2AEE0, format 16, format_support 00007FFFFE8FE434 partial-stub!
0178:fixme:d3d:wined3d_check_device_multisample_type multisample_type 32 not handled yet.
0178:fixme:d3d11:d3d11_device_CheckFormatSupport iface 00007FFFFEF2AEE0, format 64, format_support 00007FFFFE8FE434 partial-stub!
0178:fixme:d3d:wined3d_check_device_multisample_type multisample_type 32 not handled yet.
0178:fixme:d3d11:d3d11_device_CheckFormatSupport iface 00007FFFFEF2AEE0, format 62, format_support 00007FFFFE8FE434 partial-stub!
0178:fixme:d3d:wined3d_check_device_multisample_type multisample_type 32 not handled yet.
0178:fixme:d3d11:d3d11_device_CheckFormatSupport iface 00007FFFFEF2AEE0, format 59, format_support 00007FFFFE8FE434 partial-stub!
0178:fixme:d3d:wined3d_check_device_multisample_type multisample_type 32 not handled yet.
0178:fixme:d3d11:d3d11_device_CheckFormatSupport iface 00007FFFFEF2AEE0, format 57, format_support 00007FFFFE8FE434 partial-stub!
0178:fixme:d3d:wined3d_check_device_multisample_type multisample_type 32 not handled yet.
0178:fixme:d3d11:d3d11_device_CheckFormatSupport iface 00007FFFFEF2AEE0, format 43, format_support 00007FFFFE8FE434 partial-stub!
0178:fixme:d3d:wined3d_check_device_multisample_type multisample_type 32 not handled yet.
0178:fixme:d3d11:d3d11_device_CheckFormatSupport iface 00007FFFFEF2AEE0, format 42, format_support 00007FFFFE8FE434 partial-stub!
0178:fixme:d3d:wined3d_check_device_multisample_type multisample_type 32 not handled yet.
0178:fixme:d3d11:d3d11_device_CheckFormatSupport iface 00007FFFFEF2AEE0, format 52, format_support 00007FFFFE8FE434 partial-stub!
0178:fixme:d3d:wined3d_check_device_multisample_type multisample_type 32 not handled yet.
0178:fixme:d3d11:d3d11_device_CheckFormatSupport iface 00007FFFFEF2AEE0, format 50, format_support 00007FFFFE8FE434 partial-stub!
0178:fixme:d3d:wined3d_check_device_multisample_type multisample_type 32 not handled yet.
0178:fixme:d3d11:d3d11_device_CheckFormatSupport iface 00007FFFFEF2AEE0, format 38, format_support 00007FFFFE8FE434 partial-stub!
0178:fixme:d3d:wined3d_check_device_multisample_type multisample_type 32 not handled yet.
0178:fixme:d3d11:d3d11_device_CheckFormatSupport iface 00007FFFFEF2AEE0, format 36, format_support 00007FFFFE8FE434 partial-stub!
0178:fixme:d3d:wined3d_check_device_multisample_type multisample_type 32 not handled yet.
0178:fixme:d3d11:d3d11_device_CheckFormatSupport iface 00007FFFFEF2AEE0, format 18, format_support 00007FFFFE8FE434 partial-stub!
0178:fixme:d3d:wined3d_check_device_multisample_type multisample_type 32 not handled yet.
0178:fixme:d3d11:d3d11_device_CheckFormatSupport iface 00007FFFFEF2AEE0, format 17, format_support 00007FFFFE8FE434 partial-stub!
0178:fixme:d3d:wined3d_check_device_multisample_type multisample_type 32 not handled yet.
0178:fixme:d3d11:d3d11_device_CheckFormatSupport iface 00007FFFFEF2AEE0, format 2, format_support 00007FFFFE8FE434 partial-stub!
0178:fixme:d3d:wined3d_check_device_multisample_type multisample_type 32 not handled yet.
0178:fixme:d3d11:d3d11_device_CheckFormatSupport iface 00007FFFFEF2AEE0, format 2, format_support 00007FFFFE8FE434 partial-stub!
0178:fixme:d3d:wined3d_check_device_multisample_type multisample_type 32 not handled yet.
0178:fixme:d3d11:d3d11_device_CheckFormatSupport iface 00007FFFFEF2AEE0, format 2, format_support 00007FFFFE8FE434 partial-stub!
0178:fixme:d3d:wined3d_check_device_multisample_type multisample_type 32 not handled yet.
0178:fixme:d3d11:d3d11_device_CheckFormatSupport iface 00007FFFFEF2AEE0, format 2, format_support 00007FFFFE8FE434 partial-stub!
0178:fixme:d3d:wined3d_check_device_multisample_type multisample_type 32 not handled yet.
0178:fixme:d3d11:d3d11_device_CheckFormatSupport iface 00007FFFFEF2AEE0, format 2, format_support 00007FFFFE8FE434 partial-stub!
0178:fixme:d3d:wined3d_check_device_multisample_type multisample_type 32 not handled yet.
0178:fixme:d3d11:d3d11_device_CheckFormatSupport iface 00007FFFFEF2AEE0, format 10, format_support 00007FFFFE8FE434 partial-stub!
0178:fixme:d3d:wined3d_check_device_multisample_type multisample_type 32 not handled yet.
0178:fixme:d3d11:d3d11_device_CheckFormatSupport iface 00007FFFFEF2AEE0, format 10, format_support 00007FFFFE8FE434 partial-stub!
0178:fixme:d3d:wined3d_check_device_multisample_type multisample_type 32 not handled yet.
0178:fixme:d3d11:d3d11_device_CheckFormatSupport iface 00007FFFFEF2AEE0, format 10, format_support 00007FFFFE8FE434 partial-stub!
0178:fixme:d3d:wined3d_check_device_multisample_type multisample_type 32 not handled yet.
0178:fixme:d3d11:d3d11_device_CheckFormatSupport iface 00007FFFFEF2AEE0, format 10, format_support 00007FFFFE8FE434 partial-stub!
0178:fixme:d3d:wined3d_check_device_multisample_type multisample_type 32 not handled yet.
0178:fixme:d3d11:d3d11_device_CheckFormatSupport iface 00007FFFFEF2AEE0, format 10, format_support 00007FFFFE8FE434 partial-stub!
0178:fixme:d3d:wined3d_check_device_multisample_type multisample_type 32 not handled yet.
0178:fixme:d3d11:d3d11_device_CheckFormatSupport iface 00007FFFFEF2AEE0, format 45, format_support 00007FFFFE8FE434 partial-stub!
0178:fixme:d3d:wined3d_check_device_multisample_type multisample_type 32 not handled yet.
0178:fixme:d3d11:d3d11_device_CheckFormatSupport iface 00007FFFFEF2AEE0, format 26, format_support 00007FFFFE8FE434 partial-stub!
0178:fixme:d3d:wined3d_check_device_multisample_type multisample_type 32 not handled yet.
0178:fixme:d3d11:d3d11_device_CheckFormatSupport iface 00007FFFFEF2AEE0, format 29, format_support 00007FFFFE8FE434 partial-stub!
0178:fixme:d3d:wined3d_check_device_multisample_type multisample_type 32 not handled yet.
0178:fixme:d3d11:d3d11_device_CheckFormatSupport iface 00007FFFFEF2AEE0, format 29, format_support 00007FFFFE8FE434 partial-stub!
0178:fixme:d3d:wined3d_check_device_multisample_type multisample_type 32 not handled yet.
0178:fixme:d3d11:d3d11_device_CheckFormatSupport iface 00007FFFFEF2AEE0, format 40, format_support 00007FFFFE8FE434 partial-stub!
0178:fixme:d3d:wined3d_check_device_multisample_type multisample_type 32 not handled yet.
0178:fixme:d3d11:d3d11_device_CheckFormatSupport iface 00007FFFFEF2AEE0, format 20, format_support 00007FFFFE8FE434 partial-stub!
0178:fixme:d3d:wined3d_check_device_multisample_type multisample_type 32 not handled yet.
0178:fixme:d3d11:d3d11_device_CheckFormatSupport iface 00007FFFFEF2AEE0, format 45, format_support 00007FFFFE8FE434 partial-stub!
0178:fixme:d3d:wined3d_check_device_multisample_type multisample_type 32 not handled yet.
0178:fixme:d3d11:d3d11_device_CheckFormatSupport iface 00007FFFFEF2AEE0, format 85, format_support 00007FFFFE8FE434 partial-stub!
0178:fixme:d3d:wined3d_check_device_multisample_type multisample_type 32 not handled yet.
0178:fixme:d3d11:d3d11_device_CheckFormatSupport iface 00007FFFFEF2AEE0, format 28, format_support 00007FFFFE8FE434 partial-stub!
0178:fixme:d3d:wined3d_check_device_multisample_type multisample_type 32 not handled yet.
0178:fixme:d3d11:d3d11_device_CheckFormatSupport iface 00007FFFFEF2AEE0, format 3, format_support 00007FFFFE8FE434 partial-stub!
0178:fixme:d3d:wined3d_check_device_multisample_type multisample_type 32 not handled yet.
0178:fixme:d3d11:d3d11_device_CheckFormatSupport iface 00007FFFFEF2AEE0, format 3, format_support 00007FFFFE8FE434 partial-stub!
0178:fixme:d3d:wined3d_check_device_multisample_type multisample_type 32 not handled yet.
0178:fixme:d3d11:d3d11_device_CheckFormatSupport iface 00007FFFFEF2AEE0, format 12, format_support 00007FFFFE8FE434 partial-stub!
0178:fixme:d3d:wined3d_check_device_multisample_type multisample_type 32 not handled yet.
0178:fixme:d3d11:d3d11_device_CheckFormatSupport iface 00007FFFFEF2AEE0, format 12, format_support 00007FFFFE8FE434 partial-stub!
0178:fixme:d3d:wined3d_check_device_multisample_type multisample_type 32 not handled yet.
0178:fixme:d3d11:d3d11_device_CheckFormatSupport iface 00007FFFFEF2AEE0, format 30, format_support 00007FFFFE8FE434 partial-stub!
0178:fixme:d3d:wined3d_check_device_multisample_type multisample_type 32 not handled yet.
0178:fixme:d3d11:d3d11_device_CheckFormatSupport iface 00007FFFFEF2AEE0, format 30, format_support 00007FFFFE8FE434 partial-stub!
0178:fixme:d3d:wined3d_check_device_multisample_type multisample_type 32 not handled yet.
0178:fixme:d3d11:d3d11_device_CheckFormatSupport iface 00007FFFFEF2AEE0, format 4, format_support 00007FFFFE8FE434 partial-stub!
0178:fixme:d3d:wined3d_check_device_multisample_type multisample_type 32 not handled yet.
0178:fixme:d3d11:d3d11_device_CheckFormatSupport iface 00007FFFFEF2AEE0, format 4, format_support 00007FFFFE8FE434 partial-stub!
0178:fixme:d3d:wined3d_check_device_multisample_type multisample_type 32 not handled yet.
0178:fixme:d3d11:d3d11_device_CheckFormatSupport iface 00007FFFFEF2AEE0, format 14, format_support 00007FFFFE8FE434 partial-stub!
0178:fixme:d3d:wined3d_check_device_multisample_type multisample_type 32 not handled yet.
0178:fixme:d3d11:d3d11_device_CheckFormatSupport iface 00007FFFFEF2AEE0, format 14, format_support 00007FFFFE8FE434 partial-stub!
0178:fixme:d3d:wined3d_check_device_multisample_type multisample_type 32 not handled yet.
0178:fixme:d3d11:d3d11_device_CheckFormatSupport iface 00007FFFFEF2AEE0, format 32, format_support 00007FFFFE8FE434 partial-stub!
0178:fixme:d3d:wined3d_check_device_multisample_type multisample_type 32 not handled yet.
0178:fixme:d3d11:d3d11_device_CheckFormatSupport iface 00007FFFFEF2AEE0, format 32, format_support 00007FFFFE8FE434 partial-stub!
0178:fixme:d3d:wined3d_check_device_multisample_type multisample_type 32 not handled yet.
0178:fixme:d3d11:d3d11_device_CheckFormatSupport iface 00007FFFFEF2AEE0, format 63, format_support 00007FFFFE8FE434 partial-stub!
0178:fixme:d3d:wined3d_check_device_multisample_type multisample_type 32 not handled yet.
0178:fixme:d3d11:d3d11_device_CheckFormatSupport iface 00007FFFFEF2AEE0, format 51, format_support 00007FFFFE8FE434 partial-stub!
0178:fixme:d3d:wined3d_check_device_multisample_type multisample_type 32 not handled yet.
0178:fixme:d3d11:d3d11_device_CheckFormatSupport iface 00007FFFFEF2AEE0, format 31, format_support 00007FFFFE8FE434 partial-stub!
0178:fixme:d3d:wined3d_check_device_multisample_type multisample_type 32 not handled yet.
0178:fixme:d3d11:d3d11_device_CheckFormatSupport iface 00007FFFFEF2AEE0, format 31, format_support 00007FFFFE8FE434 partial-stub!
0178:fixme:d3d:wined3d_check_device_multisample_type multisample_type 32 not handled yet.
0178:fixme:d3d11:d3d11_device_CheckFormatSupport iface 00007FFFFEF2AEE0, format 58, format_support 00007FFFFE8FE434 partial-stub!
0178:fixme:d3d:wined3d_check_device_multisample_type multisample_type 32 not handled yet.
0178:fixme:d3d11:d3d11_device_CheckFormatSupport iface 00007FFFFEF2AEE0, format 37, format_support 00007FFFFE8FE434 partial-stub!
0178:fixme:d3d:wined3d_check_device_multisample_type multisample_type 32 not handled yet.
0178:fixme:d3d11:d3d11_device_CheckFormatSupport iface 00007FFFFEF2AEE0, format 13, format_support 00007FFFFE8FE434 partial-stub!
0178:fixme:d3d:wined3d_check_device_multisample_type multisample_type 32 not handled yet.
0178:fixme:d3d11:d3d11_device_CheckFormatSupport iface 00007FFFFEF2AEE0, format 13, format_support 00007FFFFE8FE434 partial-stub!
0178:fixme:d3d:wined3d_check_device_multisample_type multisample_type 32 not handled yet.
0178:fixme:d3d11:d3d11_device_CheckFormatSupport iface 00007FFFFEF2AEE0, format 25, format_support 00007FFFFE8FE434 partial-stub!
0178:fixme:d3d:wined3d_check_device_multisample_type multisample_type 32 not handled yet.
0178:fixme:d3d11:d3d11_device_CheckFormatSupport iface 00007FFFFEF2AEE0, format 56, format_support 00007FFFFE8FE434 partial-stub!
0178:fixme:d3d:wined3d_check_device_multisample_type multisample_type 32 not handled yet.
0178:fixme:d3d11:d3d11_device_CheckFormatSupport iface 00007FFFFEF2AEE0, format 58, format_support 00007FFFFE8FE434 partial-stub!
0178:fixme:d3d:wined3d_check_device_multisample_type multisample_type 32 not handled yet.
0178:fixme:d3d11:d3d11_device_CheckFormatSupport iface 00007FFFFEF2AEE0, format 35, format_support 00007FFFFE8FE434 partial-stub!
0178:fixme:d3d:wined3d_check_device_multisample_type multisample_type 32 not handled yet.
0178:fixme:d3d11:d3d11_device_CheckFormatSupport iface 00007FFFFEF2AEE0, format 37, format_support 00007FFFFE8FE434 partial-stub!
0178:fixme:d3d:wined3d_check_device_multisample_type multisample_type 32 not handled yet.
0178:fixme:d3d11:d3d11_device_CheckFormatSupport iface 00007FFFFEF2AEE0, format 28, format_support 00007FFFFE8FE434 partial-stub!
0178:fixme:d3d:wined3d_check_device_multisample_type multisample_type 32 not handled yet.
0178:fixme:d3d11:d3d11_device_CheckFormatSupport iface 00007FFFFEF2AEE0, format 29, format_support 00007FFFFE8FE434 partial-stub!
0178:fixme:d3d:wined3d_check_device_multisample_type multisample_type 32 not handled yet.
0178:fixme:d3d11:d3d11_device_CheckFormatSupport iface 00007FFFFEF2AEE0, format 28, format_support 00007FFFFE8FE434 partial-stub!
0178:fixme:d3d:wined3d_check_device_multisample_type multisample_type 32 not handled yet.
0178:fixme:d3d11:d3d11_device_CheckFormatSupport iface 00007FFFFEF2AEE0, format 29, format_support 00007FFFFE8FE434 partial-stub!
0178:fixme:d3d:wined3d_check_device_multisample_type multisample_type 32 not handled yet.
0178:fixme:d3d11:d3d11_device_CheckFormatSupport iface 00007FFFFEF2AEE0, format 28, format_support 00007FFFFE8FE434 partial-stub!
0178:fixme:d3d:wined3d_check_device_multisample_type multisample_type 32 not handled yet.
0178:fixme:d3d11:d3d11_device_CheckFormatSupport iface 00007FFFFEF2AEE0, format 29, format_support 00007FFFFE8FE434 partial-stub!
0178:fixme:d3d:wined3d_check_device_multisample_type multisample_type 32 not handled yet.
0178:fixme:d3d11:d3d11_device_CheckFormatSupport iface 00007FFFFEF2AEE0, format 87, format_support 00007FFFFE8FE434 partial-stub!
0178:fixme:d3d11:d3d11_device_CheckFormatSupport iface 00007FFFFEF2AEE0, format 87, format_support 00007FFFFE8FE434 partial-stub!
0178:fixme:d3d:wined3d_check_device_multisample_type multisample_type 32 not handled yet.
0178:fixme:d3d11:d3d11_device_CheckFormatSupport iface 00007FFFFEF2AEE0, format 88, format_support 00007FFFFE8FE434 partial-stub!
0178:fixme:d3d11:d3d11_device_CheckFormatSupport iface 00007FFFFEF2AEE0, format 88, format_support 00007FFFFE8FE434 partial-stub!
0178:fixme:d3d:wined3d_check_device_multisample_type multisample_type 32 not handled yet.
01a0:fixme:powrprof:PowerRegisterSuspendResumeNotification (0x00000002,00007FFFFE8FFD80,00007FFFFE8FFD78) stub!
01a0:fixme:process:GetProcessMitigationPolicy (FFFFFFFFFFFFFFFF, 4, 00007FFFFE8FFCE4, 4): stub
01a0:fixme:uxtheme:SetPreferredAppMode 1: stub
01a0:fixme:heap:RtlSetHeapInformation HEAP_INFORMATION_CLASS 1 not implemented!
01a0:fixme:winstation:GetUserObjectSecurity (0000000000000004 00007FFFFE8FF7E0 0000000000000000 len=0 00007FFFFE8FF77C),stub!
01a0:fixme:winstation:GetUserObjectSecurity (0000000000000004 00007FFFFE8FF7E0 00007FFFFEEA88C0 len=40 00007FFFFE8FF77C),stub!
01a0:fixme:winstation:GetUserObjectSecurity (0000000000000014 00007FFFFE8FF760 0000000000000000 len=0 00007FFFFE8FF6FC),stub!
01a0:fixme:winstation:GetUserObjectSecurity (0000000000000014 00007FFFFE8FF760 00007FFFFEEA88C0 len=40 00007FFFFE8FF6FC),stub!
01a0:fixme:ntdll:EtwEventSetInformation (deadbeef, 2, 00007E1800048238, 16) stub
01e4:fixme:thread:NtSetInformationThread info class 24 not supported yet
01e4:fixme:thread:NtSetInformationThread ThreadPowerThrottling stub!
01a0:fixme:ntdll:NtQuerySystemInformation info_class SYSTEM_PERFORMANCE_INFORMATION
0178:fixme:ntdll:NtSetInformationToken TokenIntegrityLevel stub!
0178:fixme:process:SetProcessMitigationPolicy (8, 00007FFFFE8FEE30, 4): stub
0178:fixme:dcomp:DCompositionCreateDevice3 00007FFFFEF2AE90, {5f4633fe-1e08-4cb8-8c75-ce24333f5602}, 00007FFFFE8FEE68.
01f4:fixme:thread:NtSetInformationThread info class 24 not supported yet
01f4:fixme:thread:NtSetInformationThread ThreadPowerThrottling stub!
01f8:fixme:thread:NtSetInformationThread ThreadPowerThrottling stub!
01e8:fixme:winsock:WSALookupServiceBeginW (00007F7D53FEE500 0xff0 00007F7D53FEE578) Stub!
0204:fixme:thread:NtSetInformationThread ThreadPowerThrottling stub!
0208:fixme:thread:NtSetInformationThread info class 24 not supported yet
0208:fixme:thread:NtSetInformationThread ThreadPowerThrottling stub!
[412:1120/084338.323:ERROR:net\base\network_change_notifier_win.cc:189] WSALookupServiceBegin failed with: 8
0210:fixme:thread:NtSetInformationThread info class 24 not supported yet
0210:fixme:thread:NtSetInformationThread ThreadPowerThrottling stub!
0210:fixme:thread:NtSetInformationThread ThreadPowerThrottling stub!
0178:fixme:d3d11:d3d11_device_CheckFormatSupport iface 00007FFFFEF2AEE0, format 103, format_support 00007FFFFE8FE4C4 partial-stub!
0024:fixme:win:GetPointerDevices (00007FFFFE8FE094 0000000000000000): partial stub
0024:fixme:win:GetPointerDevices (00007FFFFE8FE094 0000000000000000): partial stub
0024:fixme:system:NtUserDisplayConfigGetDeviceInfo Unimplemented packet type 11.
0024:fixme:ui:uisettings2_get_TextScaleFactor iface 00007FAA18195288, value 00007FFFFE8FE030 stub!
01e8:fixme:winsock:setsockopt Ignoring SO_RANDOMIZE_PORT
0210:fixme:netprofm:connection_point_Advise 00007F7D582F19C8, 00007E1C00007660, 00007E1C00007678 - semi-stub
0210:fixme:netprofm:cost_manager_GetCost 00007F7D582F1958, 00007F7D52FCF7B0, 0000000000000000
0210:fixme:thread:NtSetInformationThread info class 24 not supported yet
0210:fixme:thread:NtSetInformationThread ThreadPowerThrottling stub!
0024:fixme:winsock:WSAIoctl unimplemented ioctl _WSAIOW(IOC_VENDOR, 17)
0024:fixme:winsock:server_ioctl_sock Unsupported ioctl 0x120348 (device=0x12 access=0 func=0xd2 method=0)
0190:fixme:thread:NtSetInformationThread ThreadPowerThrottling stub!
0238:fixme:kernelbase:AppPolicyGetThreadInitializationType FFFFFFFFFFFFFFFA, 00007F3DDBFEFF50
0190:fixme:ntdll:EtwEventSetInformation (deadbeef, 2, 000000014C12719D, 8) stub
0190:fixme:ver:GetPackageFamilyName (FFFFFFFFFFFFFFFF 00007FFFFE8FF27C 00007FFFFE8FF280): stub
Server stdout: Invoify Desktop App Starting...

Server stdout: Is Dev: false
App Path: Z:\media\newvolume\PP\billing_app\invoify\release\win-unpacked\resources\app.asar
Resources Path: Z:\media\newvolume\PP\billing_app\invoify\release\win-unpacked\resources

0190:fixme:winsock:WSALookupServiceBeginW (00007FFFFE8FF290 0xff0 00007FFFFE8FF308) Stub!
0248:fixme:thread:NtSetInformationThread info class 24 not supported yet
0248:fixme:thread:NtSetInformationThread ThreadPowerThrottling stub!
Server stderr: [396:1120/084341.458:ERROR:net\base\network_change_notifier_win.cc:189] WSALookupServiceBegin failed with: 8

0190:fixme:win:GetPointerDevices (00007FFFFE8FEC34 0000000000000000): partial stub
0190:fixme:win:GetPointerDevices (00007FFFFE8FEC34 0000000000000000): partial stub
0190:fixme:system:NtUserDisplayConfigGetDeviceInfo Unimplemented packet type 11.
0190:fixme:combase:RoActivateInstance (00007F3DE858C1D0, 00007FFFFE8FEB98): semi-stub
0190:fixme:combase:RoGetActivationFactory (L"Windows.UI.ViewManagement.UISettings", {00000035-0000-0000-c000-000000000046}, 00007FFFFE8FEA08): semi-stub
0190:fixme:ui:uisettings2_add_TextScaleFactorChanged iface 00007F3DE86A5A18, handler 00001484063B7FD0, cookie 000000014C42FB38 stub!
0190:fixme:ui:uisettings2_get_TextScaleFactor iface 00007F3DE86A5A18, value 00007FFFFE8FEBD0 stub!
0254:fixme:wtsapi:WTSRegisterSessionNotification Stub 00000000000100BC 0x00000000
025c:fixme:winstation:GetUserObjectSecurity (0000000000000014 00007F3D3940EF90 0000000000000000 len=0 00007F3D3940EF2C),stub!
025c:fixme:winstation:GetUserObjectSecurity (0000000000000014 00007F3D3940EF90 00007F3DE8203300 len=40 00007F3D3940EF2C),stub!
025c:fixme:ntdll:NtSetInformationToken TokenIntegrityLevel stub!
025c:fixme:thread:SetThreadInformation Unsupported class 2.
025c:fixme:ntdll:NtFilterToken flags 0x1 unsupported
025c:fixme:ntdll:NtFilterToken support for restricting sids not yet implemented
025c:fixme:advapi:SetEntriesInAclW unhandled access mode 4
025c:fixme:ntdll:NtFilterToken support for restricting sids not yet implemented
025c:fixme:advapi:SetEntriesInAclW unhandled access mode 4
025c:fixme:sync:NtSetInformationJobObject stub: 0x32c 4 0x7f3d3940eddc 4
025c:fixme:process:GetProcessMitigationPolicy (FFFFFFFFFFFFFFFF, 5, 000000014C39D950, 16): stub
025c:fixme:process:validate_proc_thread_attribute Unhandled attribute 26
01b4:fixme:process:CreateProcessInternalW Unsupported attribute 0x2000e.
0024:fixme:winsock:WSAIoctl unimplemented ioctl _WSAIOW(IOC_VENDOR, 17)
0024:fixme:winsock:server_ioctl_sock Unsupported ioctl 0x120348 (device=0x12 access=0 func=0xd2 method=0)
0024:fixme:winsock:WSAIoctl unimplemented ioctl _WSAIOW(IOC_VENDOR, 17)
0024:fixme:winsock:server_ioctl_sock Unsupported ioctl 0x120348 (device=0x12 access=0 func=0xd2 method=0)
Server stdout: Starting Next.js standalone server...

Server stdout: Resources Path: Z:\media\newvolume\PP\billing_app\invoify\release\win-unpacked\resources
App Path: Z:\media\newvolume\PP\billing_app\invoify\release\win-unpacked\resources\app.asar
Server Path: Z:\media\newvolume\PP\billing_app\invoify\release\win-unpacked\resources\app.asar.unpacked\.next\standalone\server.js

0248:fixme:thread:NtSetInformationThread ThreadPowerThrottling stub!
0274:fixme:powrprof:PowerRegisterSuspendResumeNotification (0x00000002,00007FFFFE8FFD80,00007FFFFE8FFD78) stub!
0248:fixme:netprofm:connection_point_Advise 00007F3DE81D2ED8, 0000148406518600, 0000148406518618 - semi-stub
0248:fixme:netprofm:cost_manager_GetCost 00007F3DE81D2E68, 00007F3D3CB0F7B0, 0000000000000000
0248:fixme:thread:NtSetInformationThread info class 24 not supported yet
0248:fixme:thread:NtSetInformationThread ThreadPowerThrottling stub!
0274:fixme:process:GetProcessMitigationPolicy (FFFFFFFFFFFFFFFF, 4, 00007FFFFE8FFCE4, 4): stub
0274:fixme:uxtheme:SetPreferredAppMode 1: stub
0274:fixme:heap:RtlSetHeapInformation HEAP_INFORMATION_CLASS 1 not implemented!
0274:fixme:ntdll:EtwEventSetInformation (deadbeef, 2, 00002C280007C238, 16) stub
0274:fixme:thread:NtSetInformationThread ThreadPowerThrottling stub!
0274:fixme:dxcore:dxcore_adapter_factory_CreateAdapterList iface 00006FFFF4974030, num_attributes 1, filter_attributes 00007FFFFE8FE8C0, riid {526c7776-40e9-459b-b711-f32ad76dfc28}, out 00007FFFFE8FE7D0 semi-stub!
01b4:fixme:crypt:CRYPT_SysRegOpenStoreW CERT_SYSTEM_STORE_LOCAL_MACHINE_ENTERPRISE, L"ROOT": stub
01b4:fixme:crypt:CRYPT_SysRegOpenStoreW CERT_SYSTEM_STORE_LOCAL_MACHINE_ENTERPRISE, L"CA": stub
01b4:fixme:crypt:CRYPT_SysRegOpenStoreW CERT_SYSTEM_STORE_LOCAL_MACHINE_ENTERPRISE, L"TrustedPeople": stub
01b4:fixme:crypt:CRYPT_SysRegOpenStoreW CERT_SYSTEM_STORE_LOCAL_MACHINE_ENTERPRISE, L"Disallowed": stub
01b4:fixme:crypt:CRYPT_RegControl CERT_STORE_CTRL_AUTO_RESYNC: stub
01b4:fixme:crypt:CRYPT_RegControl CERT_STORE_CTRL_AUTO_RESYNC: stub
01b4:fixme:crypt:CRYPT_RegControl CERT_STORE_CTRL_AUTO_RESYNC: stub
0290:fixme:powrprof:PowerRegisterSuspendResumeNotification (0x00000002,00007FFFFE8FFD80,00007FFFFE8FFD78) stub!
0290:fixme:process:GetProcessMitigationPolicy (FFFFFFFFFFFFFFFF, 4, 00007FFFFE8FFCE4, 4): stub
0290:fixme:uxtheme:SetPreferredAppMode 1: stub
0290:fixme:heap:RtlSetHeapInformation HEAP_INFORMATION_CLASS 1 not implemented!
Server stdout: Server stdout: 


0290:fixme:winstation:GetUserObjectSecurity (0000000000000004 00007FFFFE8FF7E0 0000000000000000 len=0 00007FFFFE8FF77C),stub!
0290:fixme:winstation:GetUserObjectSecurity (0000000000000004 00007FFFFE8FF7E0 00007FFFFEEA6600 len=40 00007FFFFE8FF77C),stub!
0290:fixme:winstation:GetUserObjectSecurity (0000000000000014 00007FFFFE8FF760 0000000000000000 len=0 00007FFFFE8FF6FC),stub!
0290:fixme:winstation:GetUserObjectSecurity (0000000000000014 00007FFFFE8FF760 00007FFFFEEA6600 len=40 00007FFFFE8FF6FC),stub!
0290:fixme:nls:RtlGetThreadPreferredUILanguages 00000038, 00007FFFFE8FF7BC, 0000000000000000 00007FFFFE8FF7B8
0290:fixme:nls:get_dummy_preferred_ui_language (0x38 0x409 00007FFFFE8FF7BC 0000000000000000 00007FFFFE8FF7B8) returning a dummy value (current locale)
0290:fixme:nls:RtlGetThreadPreferredUILanguages 00000038, 00007FFFFE8FF7BC, 00007FFFFE8FF7A2 00007FFFFE8FF7B8
0290:fixme:nls:get_dummy_preferred_ui_language (0x38 0x409 00007FFFFE8FF7BC 00007FFFFE8FF7A2 00007FFFFE8FF7B8) returning a dummy value (current locale)
0290:fixme:ntdll:EtwEventSetInformation (deadbeef, 2, 00003C1000078448, 16) stub
02b8:fixme:thread:NtSetInformationThread info class 24 not supported yet
02b8:fixme:thread:NtSetInformationThread ThreadPowerThrottling stub!
libEGL warning: pci id for fd 63: 10de:1d13, driver (null)

pci id for fd 64: 10de:1d13, driver (null)
pci id for fd 65: 10de:1d13, driver (null)
libEGL warning: egl: failed to create dri2 screen
libEGL warning: pci id for fd 63: 10de:1d13, driver (null)

pci id for fd 64: 10de:1d13, driver (null)
0290:fixme:win:RegisterSuspendResumeNotification 00000000000100F8, 0: stub.
pci id for fd 65: 10de:1d13, driver (null)
libEGL warning: egl: failed to create dri2 screen
libEGL warning: pci id for fd 63: 10de:1d13, driver (null)

libEGL warning: pci id for fd 63: 10de:1d13, driver (null)

pci id for fd 64: 10de:1d13, driver (null)
pci id for fd 65: 10de:1d13, driver (null)
libEGL warning: egl: failed to create dri2 screen
0290:fixme:ntdll:NtQuerySystemInformation info_class SYSTEM_PERFORMANCE_INFORMATION
02c0:fixme:thread:NtSetInformationThread ThreadPowerThrottling stub!
libEGL warning: pci id for fd 63: 10de:1d13, driver (null)

pci id for fd 64: 10de:1d13, driver (null)
pci id for fd 65: 10de:1d13, driver (null)
libEGL warning: egl: failed to create dri2 screen
libEGL warning: pci id for fd 63: 10de:1d13, driver (null)

0024:fixme:winsock:WSAIoctl unimplemented ioctl _WSAIOW(IOC_VENDOR, 17)
0274:fixme:ntdll:NtQuerySystemInformation info_class SYSTEM_PERFORMANCE_INFORMATION
0024:fixme:winsock:server_ioctl_sock Unsupported ioctl 0x120348 (device=0x12 access=0 func=0xd2 method=0)
0024:fixme:winsock:WSAIoctl unimplemented ioctl _WSAIOW(IOC_VENDOR, 17)
0024:fixme:winsock:server_ioctl_sock Unsupported ioctl 0x120348 (device=0x12 access=0 func=0xd2 method=0)
0024:fixme:winsock:WSAIoctl unimplemented ioctl _WSAIOW(IOC_VENDOR, 17)
0024:fixme:winsock:server_ioctl_sock Unsupported ioctl 0x120348 (device=0x12 access=0 func=0xd2 method=0)
0024:fixme:winsock:WSAIoctl unimplemented ioctl _WSAIOW(IOC_VENDOR, 17)
0024:fixme:winsock:server_ioctl_sock Unsupported ioctl 0x120348 (device=0x12 access=0 func=0xd2 method=0)
0274:fixme:dxcore:dxcore_adapter_GetProperty Returning all adapters as Hardware.
0274:fixme:dxcore:dxcore_adapter_IsAttributeSupported iface 00007FFFFE942C10, attribute {0c9ece4d-2f6e-4f01-8c96-e89e331b47b1} stub!
0274:fixme:dxcore:dxcore_adapter_IsAttributeSupported iface 00007FFFFE942C10, attribute {8c47866b-7583-450d-f0f0-6bada895af4b} stub!
0298:fixme:powrprof:PowerRegisterSuspendResumeNotification (0x00000002,00007FFFFE8FFD80,00007FFFFE8FFD78) stub!
0298:fixme:process:GetProcessMitigationPolicy (FFFFFFFFFFFFFFFF, 4, 00007FFFFE8FFCE4, 4): stub
0298:fixme:uxtheme:SetPreferredAppMode 1: stub
0298:fixme:heap:RtlSetHeapInformation HEAP_INFORMATION_CLASS 1 not implemented!
0298:fixme:winstation:GetUserObjectSecurity (0000000000000004 00007FFFFE8FF7E0 0000000000000000 len=0 00007FFFFE8FF77C),stub!
0298:fixme:winstation:GetUserObjectSecurity (0000000000000004 00007FFFFE8FF7E0 00007FFFFEEA8970 len=40 00007FFFFE8FF77C),stub!
0298:fixme:winstation:GetUserObjectSecurity (0000000000000008 00007FFFFE8FF760 0000000000000000 len=0 00007FFFFE8FF6FC),stub!
0298:fixme:winstation:GetUserObjectSecurity (0000000000000008 00007FFFFE8FF760 00007FFFFEEA8970 len=40 00007FFFFE8FF6FC),stub!
0298:fixme:ntdll:EtwEventSetInformation (deadbeef, 2, 00001D1800080238, 16) stub
0298:fixme:ntdll:NtQuerySystemInformation info_class SYSTEM_PERFORMANCE_INFORMATION
02e0:fixme:winsock:WSALookupServiceBeginW (00007FCAACB1D970 0xff0 00007FCAACB1D9E8) Stub!
02dc:fixme:thread:NtSetInformationThread info class 24 not supported yet
02e8:fixme:thread:NtSetInformationThread info class 24 not supported yet
02dc:fixme:thread:NtSetInformationThread ThreadPowerThrottling stub!
02e8:fixme:thread:NtSetInformationThread ThreadPowerThrottling stub!
Server stderr: [660:1120/084345.020:ERROR:net\base\network_change_notifier_win.cc:189] WSALookupServiceBegin failed with: 8

02e8:fixme:thread:NtSetInformationThread ThreadPowerThrottling stub!
02e0:fixme:winsock:setsockopt Ignoring SO_RANDOMIZE_PORT
02e8:fixme:netprofm:connection_point_Advise 00007FFFFEF84818, 00001D1C00007C60, 00001D1C00007C78 - semi-stub
02e8:fixme:netprofm:cost_manager_GetCost 00007FFFFEF847A8, 00007FCA9F7DF7B0, 0000000000000000
02e8:fixme:thread:NtSetInformationThread info class 24 not supported yet
02e8:fixme:thread:NtSetInformationThread ThreadPowerThrottling stub!
0190:fixme:winsock:WSAIoctl unimplemented ioctl _WSAIOW(IOC_VENDOR, 17)
0190:fixme:winsock:server_ioctl_sock Unsupported ioctl 0x120348 (device=0x12 access=0 func=0xd2 method=0)
0318:fixme:thread:NtSetInformationThread info class 24 not supported yet
0318:fixme:thread:NtSetInformationThread ThreadPowerThrottling stub!
0314:fixme:thread:QueryThreadCycleTime (0000000000000144,00007F0850DEFDA0): stub!
0274:fixme:d3d11:d3d11_device_CheckFeatureSupport Returning fake Options support data.
0274:fixme:d3d11:d3d11_device_CheckFormatSupport iface 00007FFFFEF2A650, format 85, format_support 00007FFFFEF557A8 partial-stub!
0274:fixme:d3d:wined3d_check_device_multisample_type multisample_type 32 not handled yet.
0274:fixme:d3d11:d3d11_device_CheckFormatSupport iface 00007FFFFEF2A650, format 115, format_support 00007FFFFEF557B0 partial-stub!
0274:fixme:d3d11:d3d11_device_CheckFormatSupport iface 00007FFFFEF2A650, format 86, format_support 00007FFFFEF557B8 partial-stub!
0274:fixme:d3d11:d3d11_device_CheckFormatSupport iface 00007FFFFEF2A650, format 88, format_support 00007FFFFE8FE434 partial-stub!
0274:fixme:d3d11:d3d11_device_CheckFormatSupport iface 00007FFFFEF2A650, format 88, format_support 00007FFFFE8FE434 partial-stub!
0274:fixme:d3d:wined3d_check_device_multisample_type multisample_type 32 not handled yet.
0274:fixme:d3d11:d3d11_device_CheckFormatSupport iface 00007FFFFEF2A650, format 87, format_support 00007FFFFE8FE434 partial-stub!
0274:fixme:d3d11:d3d11_device_CheckFormatSupport iface 00007FFFFEF2A650, format 87, format_support 00007FFFFE8FE434 partial-stub!
0274:fixme:d3d:wined3d_check_device_multisample_type multisample_type 32 not handled yet.
0274:fixme:d3d11:d3d11_device_CheckFormatSupport iface 00007FFFFEF2A650, format 87, format_support 00007FFFFE8FE434 partial-stub!
0274:fixme:d3d11:d3d11_device_CheckFormatSupport iface 00007FFFFEF2A650, format 87, format_support 00007FFFFE8FE434 partial-stub!
0274:fixme:d3d:wined3d_check_device_multisample_type multisample_type 32 not handled yet.
0274:fixme:d3d11:d3d11_device_CheckFormatSupport iface 00007FFFFEF2A650, format 91, format_support 00007FFFFE8FE434 partial-stub!
0274:fixme:d3d11:d3d11_device_CheckFormatSupport iface 00007FFFFEF2A650, format 91, format_support 00007FFFFE8FE434 partial-stub!
0274:fixme:d3d:wined3d_check_device_multisample_type multisample_type 32 not handled yet.
0274:fixme:d3d11:d3d11_device_CheckFormatSupport iface 00007FFFFEF2A650, format 24, format_support 00007FFFFE8FE434 partial-stub!
0274:fixme:d3d:wined3d_check_device_multisample_type multisample_type 32 not handled yet.
0274:fixme:d3d11:d3d11_device_CheckFormatSupport iface 00007FFFFEF2A650, format 93, format_support 00007FFFFE8FE434 partial-stub!
0274:fixme:d3d11:d3d11_device_CheckFormatSupport iface 00007FFFFEF2A650, format 93, format_support 00007FFFFE8FE434 partial-stub!
0274:fixme:d3d:wined3d_check_device_multisample_type multisample_type 32 not handled yet.
0274:fixme:d3d11:d3d11_device_CheckFormatSupport iface 00007FFFFEF2A650, format 93, format_support 00007FFFFE8FE434 partial-stub!
0274:fixme:d3d11:d3d11_device_CheckFormatSupport iface 00007FFFFEF2A650, format 93, format_support 00007FFFFE8FE434 partial-stub!
0274:fixme:d3d:wined3d_check_device_multisample_type multisample_type 32 not handled yet.
0274:fixme:d3d11:d3d11_device_CheckFormatSupport iface 00007FFFFEF2A650, format 11, format_support 00007FFFFE8FE434 partial-stub!
0274:fixme:d3d:wined3d_check_device_multisample_type multisample_type 32 not handled yet.
0274:fixme:d3d11:d3d11_device_CheckFormatSupport iface 00007FFFFEF2A650, format 65, format_support 00007FFFFE8FE434 partial-stub!
0274:fixme:d3d:wined3d_check_device_multisample_type multisample_type 32 not handled yet.
0274:fixme:d3d11:d3d11_device_CheckFormatSupport iface 00007FFFFEF2A650, format 28, format_support 00007FFFFE8FE434 partial-stub!
0274:fixme:d3d:wined3d_check_device_multisample_type multisample_type 32 not handled yet.
0274:fixme:d3d11:d3d11_device_CheckFormatSupport iface 00007FFFFEF2A650, format 28, format_support 00007FFFFE8FE434 partial-stub!
0274:fixme:d3d:wined3d_check_device_multisample_type multisample_type 32 not handled yet.
0274:fixme:d3d11:d3d11_device_CheckFormatSupport iface 00007FFFFEF2A650, format 28, format_support 00007FFFFE8FE434 partial-stub!
0274:fixme:d3d:wined3d_check_device_multisample_type multisample_type 32 not handled yet.
0274:fixme:d3d11:d3d11_device_CheckFormatSupport iface 00007FFFFEF2A650, format 28, format_support 00007FFFFE8FE434 partial-stub!
0274:fixme:d3d:wined3d_check_device_multisample_type multisample_type 32 not handled yet.
0274:fixme:d3d11:d3d11_device_CheckFormatSupport iface 00007FFFFEF2A650, format 24, format_support 00007FFFFE8FE434 partial-stub!
0274:fixme:d3d:wined3d_check_device_multisample_type multisample_type 32 not handled yet.
0274:fixme:d3d11:d3d11_device_CheckFormatSupport iface 00007FFFFEF2A650, format 11, format_support 00007FFFFE8FE434 partial-stub!
0274:fixme:d3d:wined3d_check_device_multisample_type multisample_type 32 not handled yet.
0274:fixme:d3d11:d3d11_device_CheckFormatSupport iface 00007FFFFEF2A650, format 28, format_support 00007FFFFE8FE434 partial-stub!
0274:fixme:d3d:wined3d_check_device_multisample_type multisample_type 32 not handled yet.
0274:fixme:d3d11:d3d11_device_CheckFormatSupport iface 00007FFFFEF2A650, format 28, format_support 00007FFFFE8FE434 partial-stub!
0274:fixme:d3d:wined3d_check_device_multisample_type multisample_type 32 not handled yet.
0274:fixme:d3d11:d3d11_device_CheckFormatSupport iface 00007FFFFEF2A650, format 28, format_support 00007FFFFE8FE434 partial-stub!
0274:fixme:d3d:wined3d_check_device_multisample_type multisample_type 32 not handled yet.
0274:fixme:d3d11:d3d11_device_CheckFormatSupport iface 00007FFFFEF2A650, format 24, format_support 00007FFFFE8FE434 partial-stub!
0274:fixme:d3d:wined3d_check_device_multisample_type multisample_type 32 not handled yet.
0274:fixme:d3d11:d3d11_device_CheckFormatSupport iface 00007FFFFEF2A650, format 11, format_support 00007FFFFE8FE434 partial-stub!
0274:fixme:d3d:wined3d_check_device_multisample_type multisample_type 32 not handled yet.
0274:fixme:d3d11:d3d11_device_CheckFormatSupport iface 00007FFFFEF2A650, format 87, format_support 00007FFFFE8FE434 partial-stub!
0274:fixme:d3d11:d3d11_device_CheckFormatSupport iface 00007FFFFEF2A650, format 87, format_support 00007FFFFE8FE434 partial-stub!
0274:fixme:d3d:wined3d_check_device_multisample_type multisample_type 32 not handled yet.
0274:fixme:d3d11:d3d11_device_CheckFormatSupport iface 00007FFFFEF2A650, format 55, format_support 00007FFFFE8FE434 partial-stub!
0274:fixme:d3d:wined3d_check_device_multisample_type multisample_type 32 not handled yet.
0274:fixme:d3d11:d3d11_device_CheckFormatSupport iface 00007FFFFEF2A650, format 45, format_support 00007FFFFE8FE434 partial-stub!
0274:fixme:d3d:wined3d_check_device_multisample_type multisample_type 32 not handled yet.
0274:fixme:d3d11:d3d11_device_CheckFormatSupport iface 00007FFFFEF2A650, format 45, format_support 00007FFFFE8FE434 partial-stub!
0274:fixme:d3d:wined3d_check_device_multisample_type multisample_type 32 not handled yet.
0274:fixme:d3d11:d3d11_device_CheckFormatSupport iface 00007FFFFEF2A650, format 61, format_support 00007FFFFE8FE434 partial-stub!
0274:fixme:d3d:wined3d_check_device_multisample_type multisample_type 32 not handled yet.
0274:fixme:d3d11:d3d11_device_CheckFormatSupport iface 00007FFFFEF2A650, format 56, format_support 00007FFFFE8FE434 partial-stub!
0274:fixme:d3d:wined3d_check_device_multisample_type multisample_type 32 not handled yet.
0274:fixme:d3d11:d3d11_device_CheckFormatSupport iface 00007FFFFEF2A650, format 49, format_support 00007FFFFE8FE434 partial-stub!
0274:fixme:d3d:wined3d_check_device_multisample_type multisample_type 32 not handled yet.
0274:fixme:d3d11:d3d11_device_CheckFormatSupport iface 00007FFFFEF2A650, format 35, format_support 00007FFFFE8FE434 partial-stub!
0274:fixme:d3d:wined3d_check_device_multisample_type multisample_type 32 not handled yet.
0274:fixme:d3d11:d3d11_device_CheckFormatSupport iface 00007FFFFEF2A650, format 54, format_support 00007FFFFE8FE434 partial-stub!
0274:fixme:d3d:wined3d_check_device_multisample_type multisample_type 32 not handled yet.
0274:fixme:d3d11:d3d11_device_CheckFormatSupport iface 00007FFFFEF2A650, format 41, format_support 00007FFFFE8FE434 partial-stub!
0274:fixme:d3d:wined3d_check_device_multisample_type multisample_type 32 not handled yet.
0274:fixme:d3d11:d3d11_device_CheckFormatSupport iface 00007FFFFEF2A650, format 34, format_support 00007FFFFE8FE434 partial-stub!
0274:fixme:d3d:wined3d_check_device_multisample_type multisample_type 32 not handled yet.
0274:fixme:d3d11:d3d11_device_CheckFormatSupport iface 00007FFFFEF2A650, format 16, format_support 00007FFFFE8FE434 partial-stub!
0274:fixme:d3d:wined3d_check_device_multisample_type multisample_type 32 not handled yet.
0274:fixme:d3d11:d3d11_device_CheckFormatSupport iface 00007FFFFEF2A650, format 64, format_support 00007FFFFE8FE434 partial-stub!
0274:fixme:d3d:wined3d_check_device_multisample_type multisample_type 32 not handled yet.
0274:fixme:d3d11:d3d11_device_CheckFormatSupport iface 00007FFFFEF2A650, format 62, format_support 00007FFFFE8FE434 partial-stub!
0274:fixme:d3d:wined3d_check_device_multisample_type multisample_type 32 not handled yet.
0274:fixme:d3d11:d3d11_device_CheckFormatSupport iface 00007FFFFEF2A650, format 59, format_support 00007FFFFE8FE434 partial-stub!
0274:fixme:d3d:wined3d_check_device_multisample_type multisample_type 32 not handled yet.
0274:fixme:d3d11:d3d11_device_CheckFormatSupport iface 00007FFFFEF2A650, format 57, format_support 00007FFFFE8FE434 partial-stub!
0274:fixme:d3d:wined3d_check_device_multisample_type multisample_type 32 not handled yet.
0274:fixme:d3d11:d3d11_device_CheckFormatSupport iface 00007FFFFEF2A650, format 43, format_support 00007FFFFE8FE434 partial-stub!
0274:fixme:d3d:wined3d_check_device_multisample_type multisample_type 32 not handled yet.
0274:fixme:d3d11:d3d11_device_CheckFormatSupport iface 00007FFFFEF2A650, format 42, format_support 00007FFFFE8FE434 partial-stub!
0274:fixme:d3d:wined3d_check_device_multisample_type multisample_type 32 not handled yet.
0274:fixme:d3d11:d3d11_device_CheckFormatSupport iface 00007FFFFEF2A650, format 52, format_support 00007FFFFE8FE434 partial-stub!
0274:fixme:d3d:wined3d_check_device_multisample_type multisample_type 32 not handled yet.
0274:fixme:d3d11:d3d11_device_CheckFormatSupport iface 00007FFFFEF2A650, format 50, format_support 00007FFFFE8FE434 partial-stub!
0274:fixme:d3d:wined3d_check_device_multisample_type multisample_type 32 not handled yet.
0274:fixme:d3d11:d3d11_device_CheckFormatSupport iface 00007FFFFEF2A650, format 38, format_support 00007FFFFE8FE434 partial-stub!
0274:fixme:d3d:wined3d_check_device_multisample_type multisample_type 32 not handled yet.
0274:fixme:d3d11:d3d11_device_CheckFormatSupport iface 00007FFFFEF2A650, format 36, format_support 00007FFFFE8FE434 partial-stub!
0274:fixme:d3d:wined3d_check_device_multisample_type multisample_type 32 not handled yet.
0274:fixme:d3d11:d3d11_device_CheckFormatSupport iface 00007FFFFEF2A650, format 18, format_support 00007FFFFE8FE434 partial-stub!
0274:fixme:d3d:wined3d_check_device_multisample_type multisample_type 32 not handled yet.
0274:fixme:d3d11:d3d11_device_CheckFormatSupport iface 00007FFFFEF2A650, format 17, format_support 00007FFFFE8FE434 partial-stub!
0274:fixme:d3d:wined3d_check_device_multisample_type multisample_type 32 not handled yet.
0274:fixme:d3d11:d3d11_device_CheckFormatSupport iface 00007FFFFEF2A650, format 2, format_support 00007FFFFE8FE434 partial-stub!
0274:fixme:d3d:wined3d_check_device_multisample_type multisample_type 32 not handled yet.
0274:fixme:d3d11:d3d11_device_CheckFormatSupport iface 00007FFFFEF2A650, format 2, format_support 00007FFFFE8FE434 partial-stub!
0274:fixme:d3d:wined3d_check_device_multisample_type multisample_type 32 not handled yet.
0274:fixme:d3d11:d3d11_device_CheckFormatSupport iface 00007FFFFEF2A650, format 2, format_support 00007FFFFE8FE434 partial-stub!
0274:fixme:d3d:wined3d_check_device_multisample_type multisample_type 32 not handled yet.
0274:fixme:d3d11:d3d11_device_CheckFormatSupport iface 00007FFFFEF2A650, format 2, format_support 00007FFFFE8FE434 partial-stub!
0274:fixme:d3d:wined3d_check_device_multisample_type multisample_type 32 not handled yet.
0274:fixme:d3d11:d3d11_device_CheckFormatSupport iface 00007FFFFEF2A650, format 2, format_support 00007FFFFE8FE434 partial-stub!
0274:fixme:d3d:wined3d_check_device_multisample_type multisample_type 32 not handled yet.
0274:fixme:d3d11:d3d11_device_CheckFormatSupport iface 00007FFFFEF2A650, format 10, format_support 00007FFFFE8FE434 partial-stub!
0274:fixme:d3d:wined3d_check_device_multisample_type multisample_type 32 not handled yet.
0274:fixme:d3d11:d3d11_device_CheckFormatSupport iface 00007FFFFEF2A650, format 10, format_support 00007FFFFE8FE434 partial-stub!
0274:fixme:d3d:wined3d_check_device_multisample_type multisample_type 32 not handled yet.
0274:fixme:d3d11:d3d11_device_CheckFormatSupport iface 00007FFFFEF2A650, format 10, format_support 00007FFFFE8FE434 partial-stub!
0274:fixme:d3d:wined3d_check_device_multisample_type multisample_type 32 not handled yet.
0274:fixme:d3d11:d3d11_device_CheckFormatSupport iface 00007FFFFEF2A650, format 10, format_support 00007FFFFE8FE434 partial-stub!
0274:fixme:d3d:wined3d_check_device_multisample_type multisample_type 32 not handled yet.
0274:fixme:d3d11:d3d11_device_CheckFormatSupport iface 00007FFFFEF2A650, format 10, format_support 00007FFFFE8FE434 partial-stub!
0274:fixme:d3d:wined3d_check_device_multisample_type multisample_type 32 not handled yet.
0274:fixme:d3d11:d3d11_device_CheckFormatSupport iface 00007FFFFEF2A650, format 45, format_support 00007FFFFE8FE434 partial-stub!
0274:fixme:d3d:wined3d_check_device_multisample_type multisample_type 32 not handled yet.
0274:fixme:d3d11:d3d11_device_CheckFormatSupport iface 00007FFFFEF2A650, format 26, format_support 00007FFFFE8FE434 partial-stub!
0274:fixme:d3d:wined3d_check_device_multisample_type multisample_type 32 not handled yet.
0274:fixme:d3d11:d3d11_device_CheckFormatSupport iface 00007FFFFEF2A650, format 29, format_support 00007FFFFE8FE434 partial-stub!
0274:fixme:d3d:wined3d_check_device_multisample_type multisample_type 32 not handled yet.
0274:fixme:d3d11:d3d11_device_CheckFormatSupport iface 00007FFFFEF2A650, format 29, format_support 00007FFFFE8FE434 partial-stub!
0274:fixme:d3d:wined3d_check_device_multisample_type multisample_type 32 not handled yet.
0274:fixme:d3d11:d3d11_device_CheckFormatSupport iface 00007FFFFEF2A650, format 40, format_support 00007FFFFE8FE434 partial-stub!
0274:fixme:d3d:wined3d_check_device_multisample_type multisample_type 32 not handled yet.
0274:fixme:d3d11:d3d11_device_CheckFormatSupport iface 00007FFFFEF2A650, format 20, format_support 00007FFFFE8FE434 partial-stub!
0274:fixme:d3d:wined3d_check_device_multisample_type multisample_type 32 not handled yet.
0274:fixme:d3d11:d3d11_device_CheckFormatSupport iface 00007FFFFEF2A650, format 45, format_support 00007FFFFE8FE434 partial-stub!
0274:fixme:d3d:wined3d_check_device_multisample_type multisample_type 32 not handled yet.
0274:fixme:d3d11:d3d11_device_CheckFormatSupport iface 00007FFFFEF2A650, format 85, format_support 00007FFFFE8FE434 partial-stub!
0274:fixme:d3d:wined3d_check_device_multisample_type multisample_type 32 not handled yet.
0274:fixme:d3d11:d3d11_device_CheckFormatSupport iface 00007FFFFEF2A650, format 28, format_support 00007FFFFE8FE434 partial-stub!
0274:fixme:d3d:wined3d_check_device_multisample_type multisample_type 32 not handled yet.
0274:fixme:d3d11:d3d11_device_CheckFormatSupport iface 00007FFFFEF2A650, format 3, format_support 00007FFFFE8FE434 partial-stub!
0274:fixme:d3d:wined3d_check_device_multisample_type multisample_type 32 not handled yet.
0274:fixme:d3d11:d3d11_device_CheckFormatSupport iface 00007FFFFEF2A650, format 3, format_support 00007FFFFE8FE434 partial-stub!
0274:fixme:d3d:wined3d_check_device_multisample_type multisample_type 32 not handled yet.
0274:fixme:d3d11:d3d11_device_CheckFormatSupport iface 00007FFFFEF2A650, format 12, format_support 00007FFFFE8FE434 partial-stub!
0274:fixme:d3d:wined3d_check_device_multisample_type multisample_type 32 not handled yet.
0274:fixme:d3d11:d3d11_device_CheckFormatSupport iface 00007FFFFEF2A650, format 12, format_support 00007FFFFE8FE434 partial-stub!
0274:fixme:d3d:wined3d_check_device_multisample_type multisample_type 32 not handled yet.
0274:fixme:d3d11:d3d11_device_CheckFormatSupport iface 00007FFFFEF2A650, format 30, format_support 00007FFFFE8FE434 partial-stub!
0274:fixme:d3d:wined3d_check_device_multisample_type multisample_type 32 not handled yet.
0274:fixme:d3d11:d3d11_device_CheckFormatSupport iface 00007FFFFEF2A650, format 30, format_support 00007FFFFE8FE434 partial-stub!
0274:fixme:d3d:wined3d_check_device_multisample_type multisample_type 32 not handled yet.
0274:fixme:d3d11:d3d11_device_CheckFormatSupport iface 00007FFFFEF2A650, format 4, format_support 00007FFFFE8FE434 partial-stub!
0274:fixme:d3d:wined3d_check_device_multisample_type multisample_type 32 not handled yet.
0274:fixme:d3d11:d3d11_device_CheckFormatSupport iface 00007FFFFEF2A650, format 4, format_support 00007FFFFE8FE434 partial-stub!
0274:fixme:d3d:wined3d_check_device_multisample_type multisample_type 32 not handled yet.
0274:fixme:d3d11:d3d11_device_CheckFormatSupport iface 00007FFFFEF2A650, format 14, format_support 00007FFFFE8FE434 partial-stub!
0274:fixme:d3d:wined3d_check_device_multisample_type multisample_type 32 not handled yet.
0274:fixme:d3d11:d3d11_device_CheckFormatSupport iface 00007FFFFEF2A650, format 14, format_support 00007FFFFE8FE434 partial-stub!
0274:fixme:d3d:wined3d_check_device_multisample_type multisample_type 32 not handled yet.
0274:fixme:d3d11:d3d11_device_CheckFormatSupport iface 00007FFFFEF2A650, format 32, format_support 00007FFFFE8FE434 partial-stub!
0274:fixme:d3d:wined3d_check_device_multisample_type multisample_type 32 not handled yet.
0274:fixme:d3d11:d3d11_device_CheckFormatSupport iface 00007FFFFEF2A650, format 32, format_support 00007FFFFE8FE434 partial-stub!
0274:fixme:d3d:wined3d_check_device_multisample_type multisample_type 32 not handled yet.
0274:fixme:d3d11:d3d11_device_CheckFormatSupport iface 00007FFFFEF2A650, format 63, format_support 00007FFFFE8FE434 partial-stub!
0274:fixme:d3d:wined3d_check_device_multisample_type multisample_type 32 not handled yet.
0274:fixme:d3d11:d3d11_device_CheckFormatSupport iface 00007FFFFEF2A650, format 51, format_support 00007FFFFE8FE434 partial-stub!
0274:fixme:d3d:wined3d_check_device_multisample_type multisample_type 32 not handled yet.
0274:fixme:d3d11:d3d11_device_CheckFormatSupport iface 00007FFFFEF2A650, format 31, format_support 00007FFFFE8FE434 partial-stub!
0274:fixme:d3d:wined3d_check_device_multisample_type multisample_type 32 not handled yet.
0274:fixme:d3d11:d3d11_device_CheckFormatSupport iface 00007FFFFEF2A650, format 31, format_support 00007FFFFE8FE434 partial-stub!
0274:fixme:d3d:wined3d_check_device_multisample_type multisample_type 32 not handled yet.
0274:fixme:d3d11:d3d11_device_CheckFormatSupport iface 00007FFFFEF2A650, format 58, format_support 00007FFFFE8FE434 partial-stub!
0274:fixme:d3d:wined3d_check_device_multisample_type multisample_type 32 not handled yet.
0274:fixme:d3d11:d3d11_device_CheckFormatSupport iface 00007FFFFEF2A650, format 37, format_support 00007FFFFE8FE434 partial-stub!
0274:fixme:d3d:wined3d_check_device_multisample_type multisample_type 32 not handled yet.
0274:fixme:d3d11:d3d11_device_CheckFormatSupport iface 00007FFFFEF2A650, format 13, format_support 00007FFFFE8FE434 partial-stub!
0274:fixme:d3d:wined3d_check_device_multisample_type multisample_type 32 not handled yet.
0274:fixme:d3d11:d3d11_device_CheckFormatSupport iface 00007FFFFEF2A650, format 13, format_support 00007FFFFE8FE434 partial-stub!
0274:fixme:d3d:wined3d_check_device_multisample_type multisample_type 32 not handled yet.
0274:fixme:d3d11:d3d11_device_CheckFormatSupport iface 00007FFFFEF2A650, format 25, format_support 00007FFFFE8FE434 partial-stub!
0274:fixme:d3d:wined3d_check_device_multisample_type multisample_type 32 not handled yet.
0274:fixme:d3d11:d3d11_device_CheckFormatSupport iface 00007FFFFEF2A650, format 56, format_support 00007FFFFE8FE434 partial-stub!
0274:fixme:d3d:wined3d_check_device_multisample_type multisample_type 32 not handled yet.
0274:fixme:d3d11:d3d11_device_CheckFormatSupport iface 00007FFFFEF2A650, format 58, format_support 00007FFFFE8FE434 partial-stub!
0274:fixme:d3d:wined3d_check_device_multisample_type multisample_type 32 not handled yet.
0274:fixme:d3d11:d3d11_device_CheckFormatSupport iface 00007FFFFEF2A650, format 35, format_support 00007FFFFE8FE434 partial-stub!
0274:fixme:d3d:wined3d_check_device_multisample_type multisample_type 32 not handled yet.
0274:fixme:d3d11:d3d11_device_CheckFormatSupport iface 00007FFFFEF2A650, format 37, format_support 00007FFFFE8FE434 partial-stub!
0274:fixme:d3d:wined3d_check_device_multisample_type multisample_type 32 not handled yet.
0274:fixme:d3d11:d3d11_device_CheckFormatSupport iface 00007FFFFEF2A650, format 28, format_support 00007FFFFE8FE434 partial-stub!
0274:fixme:d3d:wined3d_check_device_multisample_type multisample_type 32 not handled yet.
0274:fixme:d3d11:d3d11_device_CheckFormatSupport iface 00007FFFFEF2A650, format 29, format_support 00007FFFFE8FE434 partial-stub!
0274:fixme:d3d:wined3d_check_device_multisample_type multisample_type 32 not handled yet.
0274:fixme:d3d11:d3d11_device_CheckFormatSupport iface 00007FFFFEF2A650, format 28, format_support 00007FFFFE8FE434 partial-stub!
0274:fixme:d3d:wined3d_check_device_multisample_type multisample_type 32 not handled yet.
0274:fixme:d3d11:d3d11_device_CheckFormatSupport iface 00007FFFFEF2A650, format 29, format_support 00007FFFFE8FE434 partial-stub!
0274:fixme:d3d:wined3d_check_device_multisample_type multisample_type 32 not handled yet.
0274:fixme:d3d11:d3d11_device_CheckFormatSupport iface 00007FFFFEF2A650, format 28, format_support 00007FFFFE8FE434 partial-stub!
0274:fixme:d3d:wined3d_check_device_multisample_type multisample_type 32 not handled yet.
0274:fixme:d3d11:d3d11_device_CheckFormatSupport iface 00007FFFFEF2A650, format 29, format_support 00007FFFFE8FE434 partial-stub!
0274:fixme:d3d:wined3d_check_device_multisample_type multisample_type 32 not handled yet.
0274:fixme:d3d11:d3d11_device_CheckFormatSupport iface 00007FFFFEF2A650, format 87, format_support 00007FFFFE8FE434 partial-stub!
0274:fixme:d3d11:d3d11_device_CheckFormatSupport iface 00007FFFFEF2A650, format 87, format_support 00007FFFFE8FE434 partial-stub!
0274:fixme:d3d:wined3d_check_device_multisample_type multisample_type 32 not handled yet.
0274:fixme:d3d11:d3d11_device_CheckFormatSupport iface 00007FFFFEF2A650, format 88, format_support 00007FFFFE8FE434 partial-stub!
0274:fixme:d3d11:d3d11_device_CheckFormatSupport iface 00007FFFFEF2A650, format 88, format_support 00007FFFFE8FE434 partial-stub!
0274:fixme:d3d:wined3d_check_device_multisample_type multisample_type 32 not handled yet.
0274:fixme:ntdll:NtSetInformationToken TokenIntegrityLevel stub!
0274:fixme:process:SetProcessMitigationPolicy (8, 00007FFFFE8FEE30, 4): stub
0274:fixme:dcomp:DCompositionCreateDevice3 00007FFFFEF2A600, {5f4633fe-1e08-4cb8-8c75-ce24333f5602}, 00007FFFFE8FEE68.
0328:fixme:thread:NtSetInformationThread info class 24 not supported yet
032c:fixme:thread:NtSetInformationThread ThreadPowerThrottling stub!
0328:fixme:thread:NtSetInformationThread ThreadPowerThrottling stub!
0338:fixme:thread:NtSetInformationThread ThreadPowerThrottling stub!
0274:fixme:d3d11:d3d11_device_CheckFormatSupport iface 00007FFFFEF2A650, format 103, format_support 00007FFFFE8FE4C4 partial-stub!
0190:fixme:win:GetPointerDevices (00007FFFFE8FE094 0000000000000000): partial stub
0190:fixme:win:GetPointerDevices (00007FFFFE8FE094 0000000000000000): partial stub
0190:fixme:system:NtUserDisplayConfigGetDeviceInfo Unimplemented packet type 11.
0190:fixme:ui:uisettings2_get_TextScaleFactor iface 00007F3DE86A5A18, value 00007FFFFE8FE030 stub!
0290:fixme:thread:NtSetInformationThread ThreadPowerThrottling stub!
033c:fixme:kernelbase:AppPolicyGetThreadInitializationType FFFFFFFFFFFFFFFA, 00007FAD5998FF50
0290:fixme:ntdll:EtwEventSetInformation (deadbeef, 2, 000000014C12719D, 8) stub
0290:fixme:ver:GetPackageFamilyName (FFFFFFFFFFFFFFFF 00007FFFFE8FF27C 00007FFFFE8FF280): stub
0024:fixme:winsock:WSAIoctl unimplemented ioctl _WSAIOW(IOC_VENDOR, 17)
0024:fixme:winsock:server_ioctl_sock Unsupported ioctl 0x120348 (device=0x12 access=0 func=0xd2 method=0)
0024:fixme:winsock:WSAIoctl unimplemented ioctl _WSAIOW(IOC_VENDOR, 17)
0024:fixme:winsock:server_ioctl_sock Unsupported ioctl 0x120348 (device=0x12 access=0 func=0xd2 method=0)
0024:fixme:winsock:WSAIoctl unimplemented ioctl _WSAIOW(IOC_VENDOR, 17)
0024:fixme:winsock:server_ioctl_sock Unsupported ioctl 0x120348 (device=0x12 access=0 func=0xd2 method=0)
0024:fixme:winsock:WSAIoctl unimplemented ioctl _WSAIOW(IOC_VENDOR, 17)
0024:fixme:winsock:server_ioctl_sock Unsupported ioctl 0x120348 (device=0x12 access=0 func=0xd2 method=0)
0024:fixme:winsock:WSAIoctl unimplemented ioctl _WSAIOW(IOC_VENDOR, 17)
0024:fixme:winsock:server_ioctl_sock Unsupported ioctl 0x120348 (device=0x12 access=0 func=0xd2 method=0)
0024:fixme:winsock:WSAIoctl unimplemented ioctl _WSAIOW(IOC_VENDOR, 17)
0024:fixme:winsock:server_ioctl_sock Unsupported ioctl 0x120348 (device=0x12 access=0 func=0xd2 method=0)
0024:fixme:winsock:WSAIoctl unimplemented ioctl _WSAIOW(IOC_VENDOR, 17)
0024:fixme:winsock:server_ioctl_sock Unsupported ioctl 0x120348 (device=0x12 access=0 func=0xd2 method=0)
0024:fixme:winsock:WSAIoctl unimplemented ioctl _WSAIOW(IOC_VENDOR, 17)
0024:fixme:winsock:server_ioctl_sock Unsupported ioctl 0x120348 (device=0x12 access=0 func=0xd2 method=0)
0360:err:virtual:virtual_setup_exception nested exception on signal stack addr 0x7fe09d97aa68 stack 0x7ffaf990
